# JRE version: Java(TM) SE Runtime Environment (8.0_161-b12) (build 1.8.0_161-b12)
# Java VM: Java HotSpot(TM) 64-Bit Server VM (25.161-b12 mixed mode linux-amd64 compressed oops)
Heap:
 PSYoungGen      total 203776K, used 10042K [0x00000000d7100000, 0x00000000e6380000, 0x0000000100000000)
  eden space 193536K, 0% used [0x00000000d7100000,0x00000000d7100000,0x00000000e2e00000)
  from space 10240K, 98% used [0x00000000e5000000,0x00000000e59ce9a8,0x00000000e5a00000)
  to   space 9728K, 0% used [0x00000000e5a00000,0x00000000e5a00000,0x00000000e6380000)
 ParOldGen       total 101888K, used 44131K [0x0000000085200000, 0x000000008b580000, 0x00000000d7100000)
  object space 101888K, 43% used [0x0000000085200000,0x0000000087d18ec8,0x000000008b580000)
 Metaspace       used 58199K, capacity 59022K, committed 59160K, reserved 1101824K
  class space    used 7319K, capacity 7496K, committed 7552K, reserved 1048576K
GC Heap History (10 events):
Event: 6441,027 GC heap after
Heap after GC invocations=21 (full 2):
 PSYoungGen      total 231936K, used 7552K [0x00000000d7100000, 0x00000000e7c00000, 0x0000000100000000)
  eden space 224256K, 0% used [0x00000000d7100000,0x00000000d7100000,0x00000000e4c00000)
  from space 7680K, 98% used [0x00000000e6400000,0x00000000e6b60070,0x00000000e6b80000)
  to   space 14848K, 0% used [0x00000000e6d80000,0x00000000e6d80000,0x00000000e7c00000)
 ParOldGen       total 101888K, used 44107K [0x0000000085200000, 0x000000008b580000, 0x00000000d7100000)
  object space 101888K, 43% used [0x0000000085200000,0x0000000087d12ec8,0x000000008b580000)
 Metaspace       used 57081K, capacity 57964K, committed 58112K, reserved 1099776K
  class space    used 7193K, capacity 7389K, committed 7424K, reserved 1048576K
}
Event: 7073,617 GC heap before
{Heap before GC invocations=22 (full 2):
 PSYoungGen      total 231936K, used 231808K [0x00000000d7100000, 0x00000000e7c00000, 0x0000000100000000)
  eden space 224256K, 100% used [0x00000000d7100000,0x00000000e4c00000,0x00000000e4c00000)
  from space 7680K, 98% used [0x00000000e6400000,0x00000000e6b60070,0x00000000e6b80000)
  to   space 14848K, 0% used [0x00000000e6d80000,0x00000000e6d80000,0x00000000e7c00000)
 ParOldGen       total 101888K, used 44107K [0x0000000085200000, 0x000000008b580000, 0x00000000d7100000)
  object space 101888K, 43% used [0x0000000085200000,0x0000000087d12ec8,0x000000008b580000)
 Metaspace       used 57854K, capacity 58728K, committed 59008K, reserved 1101824K
  class space    used 7287K, capacity 7463K, committed 7552K, reserved 1048576K
Event: 7073,633 GC heap after
Heap after GC invocations=22 (full 2):
 PSYoungGen      total 225792K, used 9472K [0x00000000d7100000, 0x00000000e7700000, 0x0000000100000000)
  eden space 216064K, 0% used [0x00000000d7100000,0x00000000d7100000,0x00000000e4400000)
  from space 9728K, 97% used [0x00000000e6d80000,0x00000000e76c0080,0x00000000e7700000)
  to   space 14848K, 0% used [0x00000000e5a00000,0x00000000e5a00000,0x00000000e6880000)
 ParOldGen       total 101888K, used 44115K [0x0000000085200000, 0x000000008b580000, 0x00000000d7100000)
  object space 101888K, 43% used [0x0000000085200000,0x0000000087d14ec8,0x000000008b580000)
 Metaspace       used 57854K, capacity 58728K, committed 59008K, reserved 1101824K
  class space    used 7287K, capacity 7463K, committed 7552K, reserved 1048576K
}
Event: 7706,500 GC heap before
{Heap before GC invocations=23 (full 2):
 PSYoungGen      total 225792K, used 225536K [0x00000000d7100000, 0x00000000e7700000, 0x0000000100000000)
  eden space 216064K, 100% used [0x00000000d7100000,0x00000000e4400000,0x00000000e4400000)
  from space 9728K, 97% used [0x00000000e6d80000,0x00000000e76c0080,0x00000000e7700000)
  to   space 14848K, 0% used [0x00000000e5a00000,0x00000000e5a00000,0x00000000e6880000)
 ParOldGen       total 101888K, used 44115K [0x0000000085200000, 0x000000008b580000, 0x00000000d7100000)
  object space 101888K, 43% used [0x0000000085200000,0x0000000087d14ec8,0x000000008b580000)
 Metaspace       used 58063K, capacity 58958K, committed 59160K, reserved 1101824K
  class space    used 7308K, capacity 7496K, committed 7552K, reserved 1048576K
Event: 7706,515 GC heap after
Heap after GC invocations=23 (full 2):
 PSYoungGen      total 217600K, used 8992K [0x00000000d7100000, 0x00000000e6e00000, 0x0000000100000000)
  eden space 208384K, 0% used [0x00000000d7100000,0x00000000d7100000,0x00000000e3c80000)
  from space 9216K, 97% used [0x00000000e5a00000,0x00000000e62c8060,0x00000000e6300000)
  to   space 11264K, 0% used [0x00000000e6300000,0x00000000e6300000,0x00000000e6e00000)
 ParOldGen       total 101888K, used 44123K [0x0000000085200000, 0x000000008b580000, 0x00000000d7100000)
  object space 101888K, 43% used [0x0000000085200000,0x0000000087d16ec8,0x000000008b580000)
 Metaspace       used 58063K, capacity 58958K, committed 59160K, reserved 1101824K
  class space    used 7308K, capacity 7496K, committed 7552K, reserved 1048576K
}
Event: 8329,569 GC heap before
{Heap before GC invocations=24 (full 2):
 PSYoungGen      total 217600K, used 217376K [0x00000000d7100000, 0x00000000e6e00000, 0x0000000100000000)
  eden space 208384K, 100% used [0x00000000d7100000,0x00000000e3c80000,0x00000000e3c80000)
  from space 9216K, 97% used [0x00000000e5a00000,0x00000000e62c8060,0x00000000e6300000)
  to   space 11264K, 0% used [0x00000000e6300000,0x00000000e6300000,0x00000000e6e00000)
 ParOldGen       total 101888K, used 44123K [0x0000000085200000, 0x000000008b580000, 0x00000000d7100000)
  object space 101888K, 43% used [0x0000000085200000,0x0000000087d16ec8,0x000000008b580000)
 Metaspace       used 58067K, capacity 58958K, committed 59160K, reserved 1101824K
  class space    used 7308K, capacity 7496K, committed 7552K, reserved 1048576K
Event: 8329,586 GC heap after
Heap after GC invocations=24 (full 2):
 PSYoungGen      total 209920K, used 8960K [0x00000000d7100000, 0x00000000e6c00000, 0x0000000100000000)
  eden space 200704K, 0% used [0x00000000d7100000,0x00000000d7100000,0x00000000e3500000)
  from space 9216K, 97% used [0x00000000e6300000,0x00000000e6bc0060,0x00000000e6c00000)
  to   space 14336K, 0% used [0x00000000e5000000,0x00000000e5000000,0x00000000e5e00000)
 ParOldGen       total 101888K, used 44123K [0x0000000085200000, 0x000000008b580000, 0x00000000d7100000)
  object space 101888K, 43% used [0x0000000085200000,0x0000000087d16ec8,0x000000008b580000)
 Metaspace       used 58067K, capacity 58958K, committed 59160K, reserved 1101824K
  class space    used 7308K, capacity 7496K, committed 7552K, reserved 1048576K
}
Event: 8508,014 GC heap before
{Heap before GC invocations=25 (full 2):
 PSYoungGen      total 209920K, used 84855K [0x00000000d7100000, 0x00000000e6c00000, 0x0000000100000000)
  eden space 200704K, 37% used [0x00000000d7100000,0x00000000dbb1df70,0x00000000e3500000)
  from space 9216K, 97% used [0x00000000e6300000,0x00000000e6bc0060,0x00000000e6c00000)
  to   space 14336K, 0% used [0x00000000e5000000,0x00000000e5000000,0x00000000e5e00000)
 ParOldGen       total 101888K, used 44123K [0x0000000085200000, 0x000000008b580000, 0x00000000d7100000)
  object space 101888K, 43% used [0x0000000085200000,0x0000000087d16ec8,0x000000008b580000)
 Metaspace       used 58199K, capacity 59022K, committed 59160K, reserved 1101824K
  class space    used 7319K, capacity 7496K, committed 7552K, reserved 1048576K
Event: 8508,035 GC heap after
Heap after GC invocations=25 (full 2):
 PSYoungGen      total 203776K, used 10042K [0x00000000d7100000, 0x00000000e6380000, 0x0000000100000000)
  eden space 193536K, 0% used [0x00000000d7100000,0x00000000d7100000,0x00000000e2e00000)
  from space 10240K, 98% used [0x00000000e5000000,0x00000000e59ce9a8,0x00000000e5a00000)
  to   space 9728K, 0% used [0x00000000e5a00000,0x00000000e5a00000,0x00000000e6380000)
 ParOldGen       total 101888K, used 44131K [0x0000000085200000, 0x000000008b580000, 0x00000000d7100000)
  object space 101888K, 43% used [0x0000000085200000,0x0000000087d18ec8,0x000000008b580000)
 Metaspace       used 58199K, capacity 59022K, committed 59160K, reserved 1101824K
  class space    used 7319K, capacity 7496K, committed 7552K, reserved 1048576K
}
Event: 8508,035 GC heap before
{Heap before GC invocations=26 (full 3):
 PSYoungGen      total 203776K, used 10042K [0x00000000d7100000, 0x00000000e6380000, 0x0000000100000000)
  eden space 193536K, 0% used [0x00000000d7100000,0x00000000d7100000,0x00000000e2e00000)
  from space 10240K, 98% used [0x00000000e5000000,0x00000000e59ce9a8,0x00000000e5a00000)
  to   space 9728K, 0% used [0x00000000e5a00000,0x00000000e5a00000,0x00000000e6380000)
 ParOldGen       total 101888K, used 44131K [0x0000000085200000, 0x000000008b580000, 0x00000000d7100000)
  object space 101888K, 43% used [0x0000000085200000,0x0000000087d18ec8,0x000000008b580000)
 Metaspace       used 58199K, capacity 59022K, committed 59160K, reserved 1101824K
  class space    used 7319K, capacity 7496K, committed 7552K, reserved 1048576K

